{"contracts\\ERC721.sol":{"l":{"45":3,"46":3,"53":0,"63":1,"64":1,"71":30,"72":30,"73":30,"80":0,"87":0,"94":0,"96":0,"97":0,"106":0,"113":6,"114":6,"116":6,"121":6,"128":3,"130":3,"137":0,"144":3,"156":6,"158":6,"169":0,"181":0,"182":0,"209":0,"210":0,"222":25,"233":6,"234":6,"235":6,"249":16,"261":16,"262":16,"281":16,"282":16,"284":16,"286":16,"287":16,"289":16,"291":16,"305":0,"307":0,"310":0,"312":0,"313":0,"315":0,"317":0,"336":6,"337":6,"339":6,"342":6,"344":6,"345":6,"346":6,"348":6,"350":6,"359":12,"360":12,"373":0,"374":0,"375":0,"394":16,"395":0,"396":0,"398":0,"399":0,"401":0,"407":16},"path":"D:\\csbc-2010\\module8\\contracts\\ERC721.sol","s":{"1":3,"2":3,"3":0,"4":1,"5":1,"6":30,"7":30,"8":30,"9":0,"10":0,"11":0,"12":0,"13":0,"14":0,"15":6,"16":6,"17":6,"18":6,"19":3,"20":3,"21":0,"22":3,"23":6,"24":6,"25":0,"26":0,"27":0,"28":0,"29":0,"30":25,"31":6,"32":6,"33":6,"34":16,"35":16,"36":16,"37":16,"38":16,"39":16,"40":16,"41":16,"42":16,"43":16,"44":0,"45":0,"46":0,"47":0,"48":0,"49":0,"50":6,"51":6,"52":6,"53":6,"54":6,"55":6,"56":6,"57":6,"58":6,"59":12,"60":12,"61":0,"62":0,"63":0,"64":16,"65":0,"66":0,"67":0,"68":0,"69":16},"b":{"1":[1,0],"2":[30,0],"3":[0,0],"4":[6,0],"5":[6,0],"6":[3,0],"7":[6,0],"8":[0,0],"9":[0,0],"10":[6,0],"11":[16,0],"12":[16,0],"13":[16,0],"14":[6,0],"15":[6,0],"16":[0,0],"17":[0,16],"18":[0,0]},"f":{"1":3,"2":0,"3":1,"4":30,"5":0,"6":0,"7":0,"8":0,"9":6,"10":3,"11":0,"12":3,"13":6,"14":0,"15":0,"16":0,"17":25,"18":6,"19":16,"20":16,"21":16,"22":0,"23":6,"24":12,"25":0,"26":16,"27":22,"28":22},"fnMap":{"1":{"name":"constructor","line":44,"loc":{"start":{"line":44,"column":4},"end":{"line":47,"column":4}}},"2":{"name":"supportsInterface","line":52,"loc":{"start":{"line":52,"column":4},"end":{"line":57,"column":4}}},"3":{"name":"balanceOf","line":62,"loc":{"start":{"line":62,"column":4},"end":{"line":65,"column":4}}},"4":{"name":"ownerOf","line":70,"loc":{"start":{"line":70,"column":4},"end":{"line":74,"column":4}}},"5":{"name":"name","line":79,"loc":{"start":{"line":79,"column":4},"end":{"line":81,"column":4}}},"6":{"name":"symbol","line":86,"loc":{"start":{"line":86,"column":4},"end":{"line":88,"column":4}}},"7":{"name":"tokenURI","line":93,"loc":{"start":{"line":93,"column":4},"end":{"line":98,"column":4}}},"8":{"name":"_baseURI","line":105,"loc":{"start":{"line":105,"column":4},"end":{"line":107,"column":4}}},"9":{"name":"approve","line":112,"loc":{"start":{"line":112,"column":4},"end":{"line":122,"column":4}}},"10":{"name":"getApproved","line":127,"loc":{"start":{"line":127,"column":4},"end":{"line":131,"column":4}}},"11":{"name":"setApprovalForAll","line":136,"loc":{"start":{"line":136,"column":4},"end":{"line":138,"column":4}}},"12":{"name":"isApprovedForAll","line":143,"loc":{"start":{"line":143,"column":4},"end":{"line":145,"column":4}}},"13":{"name":"transferFrom","line":150,"loc":{"start":{"line":150,"column":4},"end":{"line":159,"column":4}}},"14":{"name":"safeTransferFrom","line":164,"loc":{"start":{"line":164,"column":4},"end":{"line":170,"column":4}}},"15":{"name":"safeTransferFrom","line":175,"loc":{"start":{"line":175,"column":4},"end":{"line":183,"column":4}}},"16":{"name":"_safeTransfer","line":203,"loc":{"start":{"line":203,"column":4},"end":{"line":211,"column":4}}},"17":{"name":"_exists","line":221,"loc":{"start":{"line":221,"column":4},"end":{"line":223,"column":4}}},"18":{"name":"_isApprovedOrOwner","line":232,"loc":{"start":{"line":232,"column":4},"end":{"line":236,"column":4}}},"19":{"name":"_safeMint","line":248,"loc":{"start":{"line":248,"column":4},"end":{"line":250,"column":4}}},"20":{"name":"_safeMint","line":256,"loc":{"start":{"line":256,"column":4},"end":{"line":266,"column":4}}},"21":{"name":"_mint","line":280,"loc":{"start":{"line":280,"column":4},"end":{"line":292,"column":4}}},"22":{"name":"_burn","line":304,"loc":{"start":{"line":304,"column":4},"end":{"line":318,"column":4}}},"23":{"name":"_transfer","line":331,"loc":{"start":{"line":331,"column":4},"end":{"line":351,"column":4}}},"24":{"name":"_approve","line":358,"loc":{"start":{"line":358,"column":4},"end":{"line":361,"column":4}}},"25":{"name":"_setApprovalForAll","line":368,"loc":{"start":{"line":368,"column":4},"end":{"line":376,"column":4}}},"26":{"name":"_checkOnERC721Received","line":388,"loc":{"start":{"line":388,"column":4},"end":{"line":409,"column":4}}},"27":{"name":"_beforeTokenTransfer","line":425,"loc":{"start":{"line":425,"column":4},"end":{"line":429,"column":24}}},"28":{"name":"_afterTokenTransfer","line":442,"loc":{"start":{"line":442,"column":4},"end":{"line":446,"column":24}}}},"statementMap":{"1":{"start":{"line":45,"column":8},"end":{"line":45,"column":20}},"2":{"start":{"line":46,"column":8},"end":{"line":46,"column":24}},"3":{"start":{"line":53,"column":8},"end":{"line":53,"column":1769}},"4":{"start":{"line":63,"column":8},"end":{"line":63,"column":81}},"5":{"start":{"line":64,"column":8},"end":{"line":64,"column":31}},"6":{"start":{"line":71,"column":8},"end":{"line":71,"column":40}},"7":{"start":{"line":72,"column":8},"end":{"line":72,"column":80}},"8":{"start":{"line":73,"column":8},"end":{"line":73,"column":20}},"9":{"start":{"line":80,"column":8},"end":{"line":80,"column":20}},"10":{"start":{"line":87,"column":8},"end":{"line":87,"column":22}},"11":{"start":{"line":94,"column":8},"end":{"line":94,"column":83}},"12":{"start":{"line":96,"column":8},"end":{"line":96,"column":42}},"13":{"start":{"line":97,"column":8},"end":{"line":97,"column":101}},"14":{"start":{"line":106,"column":8},"end":{"line":106,"column":17}},"15":{"start":{"line":113,"column":8},"end":{"line":113,"column":47}},"16":{"start":{"line":114,"column":8},"end":{"line":114,"column":64}},"17":{"start":{"line":116,"column":8},"end":{"line":116,"column":3839}},"18":{"start":{"line":121,"column":8},"end":{"line":121,"column":28}},"19":{"start":{"line":128,"column":8},"end":{"line":128,"column":80}},"20":{"start":{"line":130,"column":8},"end":{"line":130,"column":39}},"21":{"start":{"line":137,"column":8},"end":{"line":137,"column":59}},"22":{"start":{"line":144,"column":8},"end":{"line":144,"column":50}},"23":{"start":{"line":156,"column":8},"end":{"line":156,"column":110}},"24":{"start":{"line":158,"column":8},"end":{"line":158,"column":35}},"25":{"start":{"line":169,"column":8},"end":{"line":169,"column":46}},"26":{"start":{"line":181,"column":8},"end":{"line":181,"column":110}},"27":{"start":{"line":182,"column":8},"end":{"line":182,"column":46}},"28":{"start":{"line":209,"column":8},"end":{"line":209,"column":35}},"29":{"start":{"line":210,"column":8},"end":{"line":210,"column":118}},"30":{"start":{"line":222,"column":8},"end":{"line":222,"column":45}},"31":{"start":{"line":233,"column":8},"end":{"line":233,"column":80}},"32":{"start":{"line":234,"column":8},"end":{"line":234,"column":47}},"33":{"start":{"line":235,"column":8},"end":{"line":235,"column":104}},"34":{"start":{"line":249,"column":8},"end":{"line":249,"column":33}},"35":{"start":{"line":261,"column":8},"end":{"line":261,"column":25}},"36":{"start":{"line":262,"column":8},"end":{"line":262,"column":8849}},"37":{"start":{"line":281,"column":8},"end":{"line":281,"column":68}},"38":{"start":{"line":282,"column":8},"end":{"line":282,"column":65}},"39":{"start":{"line":284,"column":8},"end":{"line":284,"column":52}},"40":{"start":{"line":286,"column":8},"end":{"line":286,"column":25}},"41":{"start":{"line":287,"column":8},"end":{"line":287,"column":28}},"42":{"start":{"line":289,"column":8},"end":{"line":289,"column":46}},"43":{"start":{"line":291,"column":8},"end":{"line":291,"column":51}},"44":{"start":{"line":305,"column":8},"end":{"line":305,"column":47}},"45":{"start":{"line":307,"column":8},"end":{"line":307,"column":55}},"46":{"start":{"line":310,"column":8},"end":{"line":310,"column":36}},"47":{"start":{"line":312,"column":8},"end":{"line":312,"column":28}},"48":{"start":{"line":315,"column":8},"end":{"line":315,"column":49}},"49":{"start":{"line":317,"column":8},"end":{"line":317,"column":54}},"50":{"start":{"line":336,"column":8},"end":{"line":336,"column":88}},"51":{"start":{"line":337,"column":8},"end":{"line":337,"column":72}},"52":{"start":{"line":339,"column":8},"end":{"line":339,"column":46}},"53":{"start":{"line":342,"column":8},"end":{"line":342,"column":36}},"54":{"start":{"line":344,"column":8},"end":{"line":344,"column":27}},"55":{"start":{"line":345,"column":8},"end":{"line":345,"column":25}},"56":{"start":{"line":346,"column":8},"end":{"line":346,"column":28}},"57":{"start":{"line":348,"column":8},"end":{"line":348,"column":40}},"58":{"start":{"line":350,"column":8},"end":{"line":350,"column":45}},"59":{"start":{"line":359,"column":8},"end":{"line":359,"column":36}},"60":{"start":{"line":360,"column":8},"end":{"line":360,"column":59}},"61":{"start":{"line":373,"column":8},"end":{"line":373,"column":62}},"62":{"start":{"line":374,"column":8},"end":{"line":374,"column":53}},"63":{"start":{"line":375,"column":8},"end":{"line":375,"column":54}},"64":{"start":{"line":394,"column":8},"end":{"line":394,"column":12883}},"65":{"start":{"line":395,"column":12},"end":{"line":395,"column":12923}},"66":{"start":{"line":396,"column":16},"end":{"line":396,"column":74}},"67":{"start":{"line":398,"column":16},"end":{"line":398,"column":13169}},"68":{"start":{"line":399,"column":20},"end":{"line":399,"column":79}},"69":{"start":{"line":407,"column":12},"end":{"line":407,"column":23}}},"branchMap":{"1":{"line":63,"type":"if","locations":[{"start":{"line":63,"column":8},"end":{"line":63,"column":8}},{"start":{"line":63,"column":8},"end":{"line":63,"column":8}}]},"2":{"line":72,"type":"if","locations":[{"start":{"line":72,"column":8},"end":{"line":72,"column":8}},{"start":{"line":72,"column":8},"end":{"line":72,"column":8}}]},"3":{"line":94,"type":"if","locations":[{"start":{"line":94,"column":8},"end":{"line":94,"column":8}},{"start":{"line":94,"column":8},"end":{"line":94,"column":8}}]},"4":{"line":114,"type":"if","locations":[{"start":{"line":114,"column":8},"end":{"line":114,"column":8}},{"start":{"line":114,"column":8},"end":{"line":114,"column":8}}]},"5":{"line":116,"type":"if","locations":[{"start":{"line":116,"column":8},"end":{"line":116,"column":8}},{"start":{"line":116,"column":8},"end":{"line":116,"column":8}}]},"6":{"line":128,"type":"if","locations":[{"start":{"line":128,"column":8},"end":{"line":128,"column":8}},{"start":{"line":128,"column":8},"end":{"line":128,"column":8}}]},"7":{"line":156,"type":"if","locations":[{"start":{"line":156,"column":8},"end":{"line":156,"column":8}},{"start":{"line":156,"column":8},"end":{"line":156,"column":8}}]},"8":{"line":181,"type":"if","locations":[{"start":{"line":181,"column":8},"end":{"line":181,"column":8}},{"start":{"line":181,"column":8},"end":{"line":181,"column":8}}]},"9":{"line":210,"type":"if","locations":[{"start":{"line":210,"column":8},"end":{"line":210,"column":8}},{"start":{"line":210,"column":8},"end":{"line":210,"column":8}}]},"10":{"line":233,"type":"if","locations":[{"start":{"line":233,"column":8},"end":{"line":233,"column":8}},{"start":{"line":233,"column":8},"end":{"line":233,"column":8}}]},"11":{"line":262,"type":"if","locations":[{"start":{"line":262,"column":8},"end":{"line":262,"column":8}},{"start":{"line":262,"column":8},"end":{"line":262,"column":8}}]},"12":{"line":281,"type":"if","locations":[{"start":{"line":281,"column":8},"end":{"line":281,"column":8}},{"start":{"line":281,"column":8},"end":{"line":281,"column":8}}]},"13":{"line":282,"type":"if","locations":[{"start":{"line":282,"column":8},"end":{"line":282,"column":8}},{"start":{"line":282,"column":8},"end":{"line":282,"column":8}}]},"14":{"line":336,"type":"if","locations":[{"start":{"line":336,"column":8},"end":{"line":336,"column":8}},{"start":{"line":336,"column":8},"end":{"line":336,"column":8}}]},"15":{"line":337,"type":"if","locations":[{"start":{"line":337,"column":8},"end":{"line":337,"column":8}},{"start":{"line":337,"column":8},"end":{"line":337,"column":8}}]},"16":{"line":373,"type":"if","locations":[{"start":{"line":373,"column":8},"end":{"line":373,"column":8}},{"start":{"line":373,"column":8},"end":{"line":373,"column":8}}]},"17":{"line":394,"type":"if","locations":[{"start":{"line":394,"column":8},"end":{"line":394,"column":8}},{"start":{"line":394,"column":8},"end":{"line":394,"column":8}}]},"18":{"line":398,"type":"if","locations":[{"start":{"line":398,"column":16},"end":{"line":398,"column":16}},{"start":{"line":398,"column":16},"end":{"line":398,"column":16}}]}}},"contracts\\extensions\\IERC721Metadata.sol":{"l":{},"path":"D:\\csbc-2010\\module8\\contracts\\extensions\\IERC721Metadata.sol","s":{},"b":{},"f":{},"fnMap":{},"statementMap":{},"branchMap":{}},"contracts\\IERC721.sol":{"l":{},"path":"D:\\csbc-2010\\module8\\contracts\\IERC721.sol","s":{},"b":{},"f":{},"fnMap":{},"statementMap":{},"branchMap":{}},"contracts\\IERC721Receiver.sol":{"l":{},"path":"D:\\csbc-2010\\module8\\contracts\\IERC721Receiver.sol","s":{},"b":{},"f":{},"fnMap":{},"statementMap":{},"branchMap":{}},"contracts\\MovieTicketNFTSwap.sol":{"l":{"45":3,"46":3,"47":3,"48":3,"55":12,"56":10,"65":11,"66":10,"74":20,"76":18,"78":16,"87":16,"89":16,"91":16,"93":16,"100":9,"101":7,"114":5,"124":8,"125":6,"142":5,"145":3,"146":3,"148":3,"149":3,"151":3,"153":3,"154":3,"156":3,"164":3,"166":1,"167":1,"169":1,"170":1,"172":1,"180":1,"187":1,"194":1},"path":"D:\\csbc-2010\\module8\\contracts\\MovieTicketNFTSwap.sol","s":{"1":3,"2":3,"3":3,"4":3,"5":12,"6":11,"7":20,"8":18,"9":16,"10":16,"11":16,"12":16,"13":9,"14":7,"15":5,"16":8,"17":6,"18":5,"19":3,"20":3,"21":3,"22":3,"23":3,"24":3,"25":3,"26":3,"27":3,"28":1,"29":1,"30":1,"31":1,"32":1,"33":1,"34":1,"35":1},"b":{"1":[10,2],"2":[10,1],"3":[18,2],"4":[16,2],"5":[7,2],"6":[6,2],"7":[3,2],"8":[1,2],"9":[1,0]},"f":{"1":3,"2":12,"3":11,"4":20,"5":9,"6":5,"7":8,"8":5,"9":3,"10":1,"11":1,"12":1},"fnMap":{"1":{"name":"constructor","line":44,"loc":{"start":{"line":44,"column":4},"end":{"line":49,"column":4}}},"2":{"name":"checkTicketValidity","line":54,"loc":{"start":{"line":54,"column":4},"end":{"line":57,"column":4}}},"3":{"name":"checkSwappabilityOfTickets","line":63,"loc":{"start":{"line":63,"column":4},"end":{"line":67,"column":4}}},"4":{"name":"buyMovieTicket","line":72,"loc":{"start":{"line":72,"column":4},"end":{"line":94,"column":4}}},"5":{"name":"makeTicketSwapable","line":99,"loc":{"start":{"line":99,"column":4},"end":{"line":102,"column":4}}},"6":{"name":"findPriceDifference","line":112,"loc":{"start":{"line":111,"column":4},"end":{"line":115,"column":4}}},"7":{"name":"approveTransfer","line":122,"loc":{"start":{"line":122,"column":4},"end":{"line":126,"column":4}}},"8":{"name":"swapTicket","line":139,"loc":{"start":{"line":136,"column":4},"end":{"line":157,"column":4}}},"9":{"name":"withdrawMyEtherBalance","line":162,"loc":{"start":{"line":162,"column":4},"end":{"line":173,"column":4}}},"10":{"name":"getTicketInformation","line":179,"loc":{"start":{"line":179,"column":4},"end":{"line":181,"column":4}}},"11":{"name":"getContractEtherBalance","line":186,"loc":{"start":{"line":186,"column":4},"end":{"line":188,"column":4}}},"12":{"name":"getMyEtherBalance","line":193,"loc":{"start":{"line":193,"column":4},"end":{"line":195,"column":4}}}},"statementMap":{"1":{"start":{"line":45,"column":8},"end":{"line":45,"column":34}},"2":{"start":{"line":46,"column":8},"end":{"line":46,"column":34}},"3":{"start":{"line":47,"column":8},"end":{"line":47,"column":49}},"4":{"start":{"line":48,"column":8},"end":{"line":48,"column":49}},"5":{"start":{"line":55,"column":8},"end":{"line":55,"column":132}},"6":{"start":{"line":65,"column":8},"end":{"line":65,"column":166}},"7":{"start":{"line":74,"column":8},"end":{"line":74,"column":71}},"8":{"start":{"line":76,"column":8},"end":{"line":76,"column":96}},"9":{"start":{"line":78,"column":8},"end":{"line":78,"column":4956}},"10":{"start":{"line":87,"column":8},"end":{"line":87,"column":38}},"11":{"start":{"line":89,"column":8},"end":{"line":89,"column":45}},"12":{"start":{"line":91,"column":8},"end":{"line":91,"column":55}},"13":{"start":{"line":100,"column":8},"end":{"line":100,"column":116}},"14":{"start":{"line":101,"column":8},"end":{"line":101,"column":50}},"15":{"start":{"line":114,"column":8},"end":{"line":114,"column":109}},"16":{"start":{"line":124,"column":8},"end":{"line":124,"column":96}},"17":{"start":{"line":125,"column":8},"end":{"line":125,"column":36}},"18":{"start":{"line":142,"column":8},"end":{"line":142,"column":166}},"19":{"start":{"line":145,"column":8},"end":{"line":145,"column":55}},"20":{"start":{"line":146,"column":8},"end":{"line":146,"column":58}},"21":{"start":{"line":148,"column":8},"end":{"line":148,"column":58}},"22":{"start":{"line":149,"column":8},"end":{"line":149,"column":61}},"23":{"start":{"line":151,"column":8},"end":{"line":151,"column":49}},"24":{"start":{"line":153,"column":8},"end":{"line":153,"column":53}},"25":{"start":{"line":154,"column":8},"end":{"line":154,"column":56}},"26":{"start":{"line":156,"column":8},"end":{"line":156,"column":78}},"27":{"start":{"line":164,"column":8},"end":{"line":164,"column":72}},"28":{"start":{"line":166,"column":8},"end":{"line":166,"column":65}},"29":{"start":{"line":167,"column":8},"end":{"line":167,"column":40}},"30":{"start":{"line":169,"column":8},"end":{"line":169,"column":82}},"31":{"start":{"line":170,"column":8},"end":{"line":170,"column":44}},"32":{"start":{"line":172,"column":8},"end":{"line":172,"column":59}},"33":{"start":{"line":180,"column":9},"end":{"line":180,"column":44}},"34":{"start":{"line":187,"column":8},"end":{"line":187,"column":36}},"35":{"start":{"line":194,"column":8},"end":{"line":194,"column":44}}},"branchMap":{"1":{"line":55,"type":"if","locations":[{"start":{"line":55,"column":8},"end":{"line":55,"column":8}},{"start":{"line":55,"column":8},"end":{"line":55,"column":8}}]},"2":{"line":65,"type":"if","locations":[{"start":{"line":65,"column":8},"end":{"line":65,"column":8}},{"start":{"line":65,"column":8},"end":{"line":65,"column":8}}]},"3":{"line":74,"type":"if","locations":[{"start":{"line":74,"column":8},"end":{"line":74,"column":8}},{"start":{"line":74,"column":8},"end":{"line":74,"column":8}}]},"4":{"line":76,"type":"if","locations":[{"start":{"line":76,"column":8},"end":{"line":76,"column":8}},{"start":{"line":76,"column":8},"end":{"line":76,"column":8}}]},"5":{"line":100,"type":"if","locations":[{"start":{"line":100,"column":8},"end":{"line":100,"column":8}},{"start":{"line":100,"column":8},"end":{"line":100,"column":8}}]},"6":{"line":124,"type":"if","locations":[{"start":{"line":124,"column":8},"end":{"line":124,"column":8}},{"start":{"line":124,"column":8},"end":{"line":124,"column":8}}]},"7":{"line":142,"type":"if","locations":[{"start":{"line":142,"column":8},"end":{"line":142,"column":8}},{"start":{"line":142,"column":8},"end":{"line":142,"column":8}}]},"8":{"line":164,"type":"if","locations":[{"start":{"line":164,"column":8},"end":{"line":164,"column":8}},{"start":{"line":164,"column":8},"end":{"line":164,"column":8}}]},"9":{"line":170,"type":"if","locations":[{"start":{"line":170,"column":8},"end":{"line":170,"column":8}},{"start":{"line":170,"column":8},"end":{"line":170,"column":8}}]}}},"contracts\\util\\Address.sol":{"l":{"41":16,"61":0,"63":0,"64":0,"86":0,"100":0,"119":0,"134":0,"135":0,"137":0,"138":0,"148":0,"162":0,"164":0,"165":0,"175":0,"189":0,"191":0,"192":0,"206":0,"207":0,"210":0,"213":0,"218":0},"path":"D:\\csbc-2010\\module8\\contracts\\util\\Address.sol","s":{"1":16,"2":0,"3":0,"4":0,"5":0,"6":0,"7":0,"8":0,"9":0,"10":0,"11":0,"12":0,"13":0,"14":0,"15":0,"16":0,"17":0,"18":0,"19":0,"20":0,"21":0,"22":0,"23":0},"b":{"1":[0,0],"2":[0,0],"3":[0,0],"4":[0,0],"5":[0,0],"6":[0,0],"7":[0,0],"8":[0,0]},"f":{"1":16,"2":0,"3":0,"4":0,"5":0,"6":0,"7":0,"8":0,"9":0,"10":0,"11":0},"fnMap":{"1":{"name":"isContract","line":36,"loc":{"start":{"line":36,"column":4},"end":{"line":42,"column":4}}},"2":{"name":"sendValue","line":60,"loc":{"start":{"line":60,"column":4},"end":{"line":65,"column":4}}},"3":{"name":"functionCall","line":85,"loc":{"start":{"line":85,"column":4},"end":{"line":87,"column":4}}},"4":{"name":"functionCall","line":95,"loc":{"start":{"line":95,"column":4},"end":{"line":101,"column":4}}},"5":{"name":"functionCallWithValue","line":114,"loc":{"start":{"line":114,"column":4},"end":{"line":120,"column":4}}},"6":{"name":"functionCallWithValue","line":128,"loc":{"start":{"line":128,"column":4},"end":{"line":139,"column":4}}},"7":{"name":"functionStaticCall","line":147,"loc":{"start":{"line":147,"column":4},"end":{"line":149,"column":4}}},"8":{"name":"functionStaticCall","line":157,"loc":{"start":{"line":157,"column":4},"end":{"line":166,"column":4}}},"9":{"name":"functionDelegateCall","line":174,"loc":{"start":{"line":174,"column":4},"end":{"line":176,"column":4}}},"10":{"name":"functionDelegateCall","line":184,"loc":{"start":{"line":184,"column":4},"end":{"line":193,"column":4}}},"11":{"name":"verifyCallResult","line":201,"loc":{"start":{"line":201,"column":4},"end":{"line":221,"column":4}}}},"statementMap":{"1":{"start":{"line":41,"column":8},"end":{"line":41,"column":38}},"2":{"start":{"line":61,"column":8},"end":{"line":61,"column":80}},"3":{"start":{"line":63,"column":8},"end":{"line":63,"column":60}},"4":{"start":{"line":64,"column":8},"end":{"line":64,"column":85}},"5":{"start":{"line":86,"column":8},"end":{"line":86,"column":75}},"6":{"start":{"line":100,"column":8},"end":{"line":100,"column":67}},"7":{"start":{"line":119,"column":8},"end":{"line":119,"column":102}},"8":{"start":{"line":134,"column":8},"end":{"line":134,"column":88}},"9":{"start":{"line":135,"column":8},"end":{"line":135,"column":67}},"10":{"start":{"line":137,"column":8},"end":{"line":137,"column":81}},"11":{"start":{"line":138,"column":8},"end":{"line":138,"column":66}},"12":{"start":{"line":148,"column":8},"end":{"line":148,"column":88}},"13":{"start":{"line":162,"column":8},"end":{"line":162,"column":74}},"14":{"start":{"line":164,"column":8},"end":{"line":164,"column":73}},"15":{"start":{"line":165,"column":8},"end":{"line":165,"column":66}},"16":{"start":{"line":175,"column":8},"end":{"line":175,"column":92}},"17":{"start":{"line":189,"column":8},"end":{"line":189,"column":76}},"18":{"start":{"line":191,"column":8},"end":{"line":191,"column":75}},"19":{"start":{"line":192,"column":8},"end":{"line":192,"column":66}},"20":{"start":{"line":206,"column":8},"end":{"line":206,"column":7945}},"21":{"start":{"line":207,"column":12},"end":{"line":207,"column":29}},"22":{"start":{"line":210,"column":12},"end":{"line":210,"column":8094}},"23":{"start":{"line":218,"column":16},"end":{"line":218,"column":35}}},"branchMap":{"1":{"line":61,"type":"if","locations":[{"start":{"line":61,"column":8},"end":{"line":61,"column":8}},{"start":{"line":61,"column":8},"end":{"line":61,"column":8}}]},"2":{"line":64,"type":"if","locations":[{"start":{"line":64,"column":8},"end":{"line":64,"column":8}},{"start":{"line":64,"column":8},"end":{"line":64,"column":8}}]},"3":{"line":134,"type":"if","locations":[{"start":{"line":134,"column":8},"end":{"line":134,"column":8}},{"start":{"line":134,"column":8},"end":{"line":134,"column":8}}]},"4":{"line":135,"type":"if","locations":[{"start":{"line":135,"column":8},"end":{"line":135,"column":8}},{"start":{"line":135,"column":8},"end":{"line":135,"column":8}}]},"5":{"line":162,"type":"if","locations":[{"start":{"line":162,"column":8},"end":{"line":162,"column":8}},{"start":{"line":162,"column":8},"end":{"line":162,"column":8}}]},"6":{"line":189,"type":"if","locations":[{"start":{"line":189,"column":8},"end":{"line":189,"column":8}},{"start":{"line":189,"column":8},"end":{"line":189,"column":8}}]},"7":{"line":206,"type":"if","locations":[{"start":{"line":206,"column":8},"end":{"line":206,"column":8}},{"start":{"line":206,"column":8},"end":{"line":206,"column":8}}]},"8":{"line":210,"type":"if","locations":[{"start":{"line":210,"column":12},"end":{"line":210,"column":12}},{"start":{"line":210,"column":12},"end":{"line":210,"column":12}}]}}},"contracts\\util\\Context.sol":{"l":{"18":12,"22":0},"path":"D:\\csbc-2010\\module8\\contracts\\util\\Context.sol","s":{"1":12,"2":0},"b":{},"f":{"1":12,"2":0},"fnMap":{"1":{"name":"_msgSender","line":17,"loc":{"start":{"line":17,"column":4},"end":{"line":19,"column":4}}},"2":{"name":"_msgData","line":21,"loc":{"start":{"line":21,"column":4},"end":{"line":23,"column":4}}}},"statementMap":{"1":{"start":{"line":18,"column":8},"end":{"line":18,"column":25}},"2":{"start":{"line":22,"column":8},"end":{"line":22,"column":23}}},"branchMap":{}},"contracts\\util\\ERC721Holder.sol":{"l":{"26":0},"path":"D:\\csbc-2010\\module8\\contracts\\util\\ERC721Holder.sol","s":{"1":0},"b":{},"f":{"1":0},"fnMap":{"1":{"name":"onERC721Received","line":20,"loc":{"start":{"line":20,"column":4},"end":{"line":27,"column":4}}}},"statementMap":{"1":{"start":{"line":26,"column":8},"end":{"line":26,"column":45}}},"branchMap":{}},"contracts\\util\\introspection\\ERC165.sol":{"l":{"27":0},"path":"D:\\csbc-2010\\module8\\contracts\\util\\introspection\\ERC165.sol","s":{"1":0},"b":{},"f":{"1":0},"fnMap":{"1":{"name":"supportsInterface","line":26,"loc":{"start":{"line":26,"column":4},"end":{"line":28,"column":4}}}},"statementMap":{"1":{"start":{"line":27,"column":8},"end":{"line":27,"column":55}}},"branchMap":{}},"contracts\\util\\introspection\\IERC165.sol":{"l":{},"path":"D:\\csbc-2010\\module8\\contracts\\util\\introspection\\IERC165.sol","s":{},"b":{},"f":{},"fnMap":{},"statementMap":{},"branchMap":{}},"contracts\\util\\Strings.sol":{"l":{"19":0,"20":0,"22":0,"23":0,"24":0,"25":0,"26":0,"28":0,"29":0,"30":0,"31":0,"32":0,"34":0,"41":0,"42":0,"44":0,"45":0,"46":0,"47":0,"48":0,"50":0,"57":0,"58":0,"59":0,"60":0,"61":0,"62":0,"64":0,"65":0},"path":"D:\\csbc-2010\\module8\\contracts\\util\\Strings.sol","s":{"1":0,"2":0,"3":0,"4":0,"5":0,"6":0,"7":0,"8":0,"9":0,"10":0,"11":0,"12":0,"13":0,"14":0,"15":0,"16":0,"17":0,"18":0,"19":0,"20":0,"21":0,"22":0,"23":0,"24":0,"25":0,"26":0,"27":0},"b":{"1":[0,0],"2":[0,0],"3":[0,0]},"f":{"1":0,"2":0,"3":0},"fnMap":{"1":{"name":"toString","line":15,"loc":{"start":{"line":15,"column":4},"end":{"line":35,"column":4}}},"2":{"name":"toHexString","line":40,"loc":{"start":{"line":40,"column":4},"end":{"line":51,"column":4}}},"3":{"name":"toHexString","line":56,"loc":{"start":{"line":56,"column":4},"end":{"line":66,"column":4}}}},"statementMap":{"1":{"start":{"line":19,"column":8},"end":{"line":19,"column":624}},"2":{"start":{"line":20,"column":12},"end":{"line":20,"column":22}},"3":{"start":{"line":22,"column":8},"end":{"line":22,"column":28}},"4":{"start":{"line":23,"column":8},"end":{"line":23,"column":22}},"5":{"start":{"line":24,"column":8},"end":{"line":24,"column":743}},"6":{"start":{"line":26,"column":12},"end":{"line":26,"column":21}},"7":{"start":{"line":28,"column":8},"end":{"line":28,"column":47}},"8":{"start":{"line":29,"column":8},"end":{"line":29,"column":881}},"9":{"start":{"line":30,"column":12},"end":{"line":30,"column":22}},"10":{"start":{"line":31,"column":12},"end":{"line":31,"column":67}},"11":{"start":{"line":32,"column":12},"end":{"line":32,"column":22}},"12":{"start":{"line":34,"column":8},"end":{"line":34,"column":29}},"13":{"start":{"line":41,"column":8},"end":{"line":41,"column":1269}},"14":{"start":{"line":42,"column":12},"end":{"line":42,"column":25}},"15":{"start":{"line":44,"column":8},"end":{"line":44,"column":28}},"16":{"start":{"line":45,"column":8},"end":{"line":45,"column":26}},"17":{"start":{"line":46,"column":8},"end":{"line":46,"column":1395}},"18":{"start":{"line":48,"column":12},"end":{"line":48,"column":21}},"19":{"start":{"line":50,"column":8},"end":{"line":50,"column":41}},"20":{"start":{"line":57,"column":8},"end":{"line":57,"column":55}},"21":{"start":{"line":58,"column":8},"end":{"line":58,"column":22}},"22":{"start":{"line":59,"column":8},"end":{"line":59,"column":22}},"23":{"start":{"line":60,"column":8},"end":{"line":60,"column":1863}},"24":{"start":{"line":61,"column":12},"end":{"line":61,"column":48}},"25":{"start":{"line":62,"column":12},"end":{"line":62,"column":22}},"26":{"start":{"line":64,"column":8},"end":{"line":64,"column":62}},"27":{"start":{"line":65,"column":8},"end":{"line":65,"column":29}}},"branchMap":{"1":{"line":19,"type":"if","locations":[{"start":{"line":19,"column":8},"end":{"line":19,"column":8}},{"start":{"line":19,"column":8},"end":{"line":19,"column":8}}]},"2":{"line":41,"type":"if","locations":[{"start":{"line":41,"column":8},"end":{"line":41,"column":8}},{"start":{"line":41,"column":8},"end":{"line":41,"column":8}}]},"3":{"line":64,"type":"if","locations":[{"start":{"line":64,"column":8},"end":{"line":64,"column":8}},{"start":{"line":64,"column":8},"end":{"line":64,"column":8}}]}}}}