TN:
SF:D:\csbc-2010\module8\contracts\ERC721.sol
FN:44,constructor
FN:52,supportsInterface
FN:62,balanceOf
FN:70,ownerOf
FN:79,name
FN:86,symbol
FN:93,tokenURI
FN:105,_baseURI
FN:112,approve
FN:127,getApproved
FN:136,setApprovalForAll
FN:143,isApprovedForAll
FN:150,transferFrom
FN:164,safeTransferFrom
FN:175,safeTransferFrom
FN:203,_safeTransfer
FN:221,_exists
FN:232,_isApprovedOrOwner
FN:248,_safeMint
FN:256,_safeMint
FN:280,_mint
FN:304,_burn
FN:331,_transfer
FN:358,_approve
FN:368,_setApprovalForAll
FN:388,_checkOnERC721Received
FN:425,_beforeTokenTransfer
FN:442,_afterTokenTransfer
FNF:28
FNH:17
FNDA:3,constructor
FNDA:0,supportsInterface
FNDA:1,balanceOf
FNDA:30,ownerOf
FNDA:0,name
FNDA:0,symbol
FNDA:0,tokenURI
FNDA:0,_baseURI
FNDA:6,approve
FNDA:3,getApproved
FNDA:0,setApprovalForAll
FNDA:3,isApprovedForAll
FNDA:6,transferFrom
FNDA:0,safeTransferFrom
FNDA:0,safeTransferFrom
FNDA:0,_safeTransfer
FNDA:25,_exists
FNDA:6,_isApprovedOrOwner
FNDA:16,_safeMint
FNDA:16,_safeMint
FNDA:16,_mint
FNDA:0,_burn
FNDA:6,_transfer
FNDA:12,_approve
FNDA:0,_setApprovalForAll
FNDA:16,_checkOnERC721Received
FNDA:22,_beforeTokenTransfer
FNDA:22,_afterTokenTransfer
DA:45,3
DA:46,3
DA:53,0
DA:63,1
DA:64,1
DA:71,30
DA:72,30
DA:73,30
DA:80,0
DA:87,0
DA:94,0
DA:96,0
DA:97,0
DA:106,0
DA:113,6
DA:114,6
DA:116,6
DA:121,6
DA:128,3
DA:130,3
DA:137,0
DA:144,3
DA:156,6
DA:158,6
DA:169,0
DA:181,0
DA:182,0
DA:209,0
DA:210,0
DA:222,25
DA:233,6
DA:234,6
DA:235,6
DA:249,16
DA:261,16
DA:262,16
DA:281,16
DA:282,16
DA:284,16
DA:286,16
DA:287,16
DA:289,16
DA:291,16
DA:305,0
DA:307,0
DA:310,0
DA:312,0
DA:313,0
DA:315,0
DA:317,0
DA:336,6
DA:337,6
DA:339,6
DA:342,6
DA:344,6
DA:345,6
DA:346,6
DA:348,6
DA:350,6
DA:359,12
DA:360,12
DA:373,0
DA:374,0
DA:375,0
DA:394,16
DA:395,0
DA:396,0
DA:398,0
DA:399,0
DA:401,0
DA:407,16
LF:71
LH:43
BRDA:63,1,0,1
BRDA:63,1,1,0
BRDA:72,2,0,30
BRDA:72,2,1,0
BRDA:94,3,0,0
BRDA:94,3,1,0
BRDA:114,4,0,6
BRDA:114,4,1,0
BRDA:116,5,0,6
BRDA:116,5,1,0
BRDA:128,6,0,3
BRDA:128,6,1,0
BRDA:156,7,0,6
BRDA:156,7,1,0
BRDA:181,8,0,0
BRDA:181,8,1,0
BRDA:210,9,0,0
BRDA:210,9,1,0
BRDA:233,10,0,6
BRDA:233,10,1,0
BRDA:262,11,0,16
BRDA:262,11,1,0
BRDA:281,12,0,16
BRDA:281,12,1,0
BRDA:282,13,0,16
BRDA:282,13,1,0
BRDA:336,14,0,6
BRDA:336,14,1,0
BRDA:337,15,0,6
BRDA:337,15,1,0
BRDA:373,16,0,0
BRDA:373,16,1,0
BRDA:394,17,0,0
BRDA:394,17,1,16
BRDA:398,18,0,0
BRDA:398,18,1,0
BRF:36
BRH:13
end_of_record
TN:
SF:D:\csbc-2010\module8\contracts\extensions\IERC721Metadata.sol
FNF:0
FNH:0
LF:0
LH:0
BRF:0
BRH:0
end_of_record
TN:
SF:D:\csbc-2010\module8\contracts\IERC721.sol
FNF:0
FNH:0
LF:0
LH:0
BRF:0
BRH:0
end_of_record
TN:
SF:D:\csbc-2010\module8\contracts\IERC721Receiver.sol
FNF:0
FNH:0
LF:0
LH:0
BRF:0
BRH:0
end_of_record
TN:
SF:D:\csbc-2010\module8\contracts\MovieTicketNFTSwap.sol
FN:44,constructor
FN:54,checkTicketValidity
FN:63,checkSwappabilityOfTickets
FN:72,buyMovieTicket
FN:99,makeTicketSwapable
FN:112,findPriceDifference
FN:122,approveTransfer
FN:139,swapTicket
FN:162,withdrawMyEtherBalance
FN:179,getTicketInformation
FN:186,getContractEtherBalance
FN:193,getMyEtherBalance
FNF:12
FNH:12
FNDA:3,constructor
FNDA:12,checkTicketValidity
FNDA:11,checkSwappabilityOfTickets
FNDA:20,buyMovieTicket
FNDA:9,makeTicketSwapable
FNDA:5,findPriceDifference
FNDA:8,approveTransfer
FNDA:5,swapTicket
FNDA:3,withdrawMyEtherBalance
FNDA:1,getTicketInformation
FNDA:1,getContractEtherBalance
FNDA:1,getMyEtherBalance
DA:45,3
DA:46,3
DA:47,3
DA:48,3
DA:55,12
DA:56,10
DA:65,11
DA:66,10
DA:74,20
DA:76,18
DA:78,16
DA:87,16
DA:89,16
DA:91,16
DA:93,16
DA:100,9
DA:101,7
DA:114,5
DA:124,8
DA:125,6
DA:142,5
DA:145,3
DA:146,3
DA:148,3
DA:149,3
DA:151,3
DA:153,3
DA:154,3
DA:156,3
DA:164,3
DA:166,1
DA:167,1
DA:169,1
DA:170,1
DA:172,1
DA:180,1
DA:187,1
DA:194,1
LF:38
LH:38
BRDA:55,1,0,10
BRDA:55,1,1,2
BRDA:65,2,0,10
BRDA:65,2,1,1
BRDA:74,3,0,18
BRDA:74,3,1,2
BRDA:76,4,0,16
BRDA:76,4,1,2
BRDA:100,5,0,7
BRDA:100,5,1,2
BRDA:124,6,0,6
BRDA:124,6,1,2
BRDA:142,7,0,3
BRDA:142,7,1,2
BRDA:164,8,0,1
BRDA:164,8,1,2
BRDA:170,9,0,1
BRDA:170,9,1,0
BRF:18
BRH:17
end_of_record
TN:
SF:D:\csbc-2010\module8\contracts\util\Address.sol
FN:36,isContract
FN:60,sendValue
FN:85,functionCall
FN:95,functionCall
FN:114,functionCallWithValue
FN:128,functionCallWithValue
FN:147,functionStaticCall
FN:157,functionStaticCall
FN:174,functionDelegateCall
FN:184,functionDelegateCall
FN:201,verifyCallResult
FNF:11
FNH:1
FNDA:16,isContract
FNDA:0,sendValue
FNDA:0,functionCall
FNDA:0,functionCall
FNDA:0,functionCallWithValue
FNDA:0,functionCallWithValue
FNDA:0,functionStaticCall
FNDA:0,functionStaticCall
FNDA:0,functionDelegateCall
FNDA:0,functionDelegateCall
FNDA:0,verifyCallResult
DA:41,16
DA:61,0
DA:63,0
DA:64,0
DA:86,0
DA:100,0
DA:119,0
DA:134,0
DA:135,0
DA:137,0
DA:138,0
DA:148,0
DA:162,0
DA:164,0
DA:165,0
DA:175,0
DA:189,0
DA:191,0
DA:192,0
DA:206,0
DA:207,0
DA:210,0
DA:213,0
DA:218,0
LF:24
LH:1
BRDA:61,1,0,0
BRDA:61,1,1,0
BRDA:64,2,0,0
BRDA:64,2,1,0
BRDA:134,3,0,0
BRDA:134,3,1,0
BRDA:135,4,0,0
BRDA:135,4,1,0
BRDA:162,5,0,0
BRDA:162,5,1,0
BRDA:189,6,0,0
BRDA:189,6,1,0
BRDA:206,7,0,0
BRDA:206,7,1,0
BRDA:210,8,0,0
BRDA:210,8,1,0
BRF:16
BRH:0
end_of_record
TN:
SF:D:\csbc-2010\module8\contracts\util\Context.sol
FN:17,_msgSender
FN:21,_msgData
FNF:2
FNH:1
FNDA:12,_msgSender
FNDA:0,_msgData
DA:18,12
DA:22,0
LF:2
LH:1
BRF:0
BRH:0
end_of_record
TN:
SF:D:\csbc-2010\module8\contracts\util\ERC721Holder.sol
FN:20,onERC721Received
FNF:1
FNH:0
FNDA:0,onERC721Received
DA:26,0
LF:1
LH:0
BRF:0
BRH:0
end_of_record
TN:
SF:D:\csbc-2010\module8\contracts\util\introspection\ERC165.sol
FN:26,supportsInterface
FNF:1
FNH:0
FNDA:0,supportsInterface
DA:27,0
LF:1
LH:0
BRF:0
BRH:0
end_of_record
TN:
SF:D:\csbc-2010\module8\contracts\util\introspection\IERC165.sol
FNF:0
FNH:0
LF:0
LH:0
BRF:0
BRH:0
end_of_record
TN:
SF:D:\csbc-2010\module8\contracts\util\Strings.sol
FN:15,toString
FN:40,toHexString
FN:56,toHexString
FNF:3
FNH:0
FNDA:0,toString
FNDA:0,toHexString
FNDA:0,toHexString
DA:19,0
DA:20,0
DA:22,0
DA:23,0
DA:24,0
DA:25,0
DA:26,0
DA:28,0
DA:29,0
DA:30,0
DA:31,0
DA:32,0
DA:34,0
DA:41,0
DA:42,0
DA:44,0
DA:45,0
DA:46,0
DA:47,0
DA:48,0
DA:50,0
DA:57,0
DA:58,0
DA:59,0
DA:60,0
DA:61,0
DA:62,0
DA:64,0
DA:65,0
LF:29
LH:0
BRDA:19,1,0,0
BRDA:19,1,1,0
BRDA:41,2,0,0
BRDA:41,2,1,0
BRDA:64,3,0,0
BRDA:64,3,1,0
BRF:6
BRH:0
end_of_record
